CRITICAL - 2026-06-22 16:58:33 --> ErrorException: Uncaught CodeIgniter\Exceptions\PageNotFoundException: Can't find a route for 'CLI: /'. in /opt/lampp/htdocs/facultad/Topicos TPI/MyCar/system/CodeIgniter.php:1024
Stack trace:
#0 /opt/lampp/htdocs/facultad/Topicos TPI/MyCar/system/CodeIgniter.php(1024): CodeIgniter\Exceptions\PageNotFoundException::forPageNotFound()
#1 /opt/lampp/htdocs/facultad/Topicos TPI/MyCar/system/CodeIgniter.php(369): CodeIgniter\CodeIgniter->display404errors()
#2 /opt/lampp/htdocs/facultad/Topicos TPI/MyCar/system/Boot.php(417): CodeIgniter\CodeIgniter->run()
#3 /opt/lampp/htdocs/facultad/Topicos TPI/MyCar/system/Boot.php(68): CodeIgniter\Boot::runCodeIgniter()
#4 /opt/lampp/htdocs/facultad/Topicos TPI/MyCar/public/index.php(45): CodeIgniter\Boot::bootWeb()
#5 Command line code(1): require('...')
#6 {main}
  thrown
[Method: CLI, Route: /]
in SYSTEMPATH/CodeIgniter.php on line 1024.
 1 [internal function]: CodeIgniter\Debug\Exceptions->shutdownHandler()
CRITICAL - 2026-06-22 17:15:52 --> CodeIgniter\HTTP\Exceptions\BadRequestException: The URI you submitted has disallowed characters: "promocion.png'"
[Method: GET, Route: assets/imagenes/promocion.png%27]
in SYSTEMPATH\Router\Router.php on line 766.
 1 SYSTEMPATH\Router\Router.php(217): CodeIgniter\Router\Router->checkDisallowedChars('assets/imagenes/promocion.png\'')
 2 SYSTEMPATH\CodeIgniter.php(852): CodeIgniter\Router\Router->handle('assets/imagenes/promocion.png\'')
 3 SYSTEMPATH\CodeIgniter.php(464): CodeIgniter\CodeIgniter->tryToRouteIt(Object(CodeIgniter\Router\RouteCollection))
 4 SYSTEMPATH\CodeIgniter.php(363): CodeIgniter\CodeIgniter->handleRequest(null, Object(Config\Cache), false)
 5 SYSTEMPATH\Boot.php(417): CodeIgniter\CodeIgniter->run()
 6 SYSTEMPATH\Boot.php(68): CodeIgniter\Boot::runCodeIgniter(Object(CodeIgniter\CodeIgniter))
 7 FCPATH\index.php(45): CodeIgniter\Boot::bootWeb(Object(Config\Paths))
